2025-04-24 21:43:20 [34mdebug[39m: The user admin is logged in.
2025-04-24 21:43:20 [32minfo[39m: [HTTP REQUEST] POST https://automationintesting.online/api/auth/login
  → params: undefined
  → data:   {"username":"admin","password":"password"}
  → headers:{"Accept":"application/json, text/plain, */*","Content-Type":"application/json"}
2025-04-24 21:43:20 [34mdebug[39m: The user admin is logged in.
2025-04-24 21:43:20 [32minfo[39m: [HTTP REQUEST] POST https://automationintesting.online/api/auth/login
  → params: undefined
  → data:   {"username":"admin","password":"password"}
  → headers:{"Accept":"application/json, text/plain, */*","Content-Type":"application/json"}
2025-04-24 21:43:20 [32minfo[39m: [HTTP RESPONSE] POST /auth/login → 200
  ← params: undefined
  ← data: {"token":"bXlJ4To2GTe5oG51"}
  ← headers: {"date":"Fri, 25 Apr 2025 02:43:20 GMT","content-type":"application/json","transfer-encoding":"chunked","connection":"keep-alive","cf-cache-status":"DYNAMIC","server":"cloudflare","cf-ray":"935a7e03fb116c7c-DFW","alt-svc":"h3=\":443\"; ma=86400"}
2025-04-24 21:43:20 [34mdebug[39m: The auth token is set.
2025-04-24 21:43:20 [32minfo[39m: Creating new room:
2025-04-24 21:43:20 [32minfo[39m: [HTTP REQUEST] POST https://automationintesting.online/api/room/
  → params: undefined
  → data:   {"roomName":"Single 86537590","type":"Single","accessible":true,"description":"A comfortable single room with modern amenities","features":["WiFi","TV","Air Conditioning","Mini Bar"],"image":"https://www.mwtestconsultancy.co.uk/img/room1.png","roomPrice":100}
  → headers:{"Accept":"application/json, text/plain, */*","Content-Type":"application/json","Cookie":"token=bXlJ4To2GTe5oG51"}
2025-04-24 21:43:20 [32minfo[39m: [HTTP RESPONSE] POST /auth/login → 200
  ← params: undefined
  ← data: {"token":"n4wYAS7DTLa6y68O"}
  ← headers: {"date":"Fri, 25 Apr 2025 02:43:20 GMT","content-type":"application/json","transfer-encoding":"chunked","connection":"keep-alive","cf-cache-status":"DYNAMIC","server":"cloudflare","cf-ray":"935a7e05d9d86a82-DFW","alt-svc":"h3=\":443\"; ma=86400"}
2025-04-24 21:43:20 [34mdebug[39m: The auth token is set.
2025-04-24 21:43:20 [32minfo[39m: [HTTP REQUEST] GET https://automationintesting.online/api/room/
  → params: undefined
  → data:   undefined
  → headers:{"Accept":"application/json, text/plain, */*","Content-Type":"application/json","Cookie":"token=n4wYAS7DTLa6y68O"}
2025-04-24 21:43:21 [32minfo[39m: [HTTP RESPONSE] POST /room/ → 200
  ← params: undefined
  ← data: {"success":true}
  ← headers: {"date":"Fri, 25 Apr 2025 02:43:21 GMT","content-type":"application/json","transfer-encoding":"chunked","connection":"keep-alive","cf-cache-status":"DYNAMIC","server":"cloudflare","cf-ray":"935a7e075ef14605-DFW","alt-svc":"h3=\":443\"; ma=86400"}
2025-04-24 21:43:21 [32minfo[39m: Successfully created room
2025-04-24 21:43:21 [32minfo[39m: [HTTP REQUEST] GET https://automationintesting.online/api/room/
  → params: undefined
  → data:   undefined
  → headers:{"Accept":"application/json, text/plain, */*","Content-Type":"application/json","Cookie":"token=bXlJ4To2GTe5oG51"}
2025-04-24 21:43:21 [32minfo[39m: [HTTP RESPONSE] GET /room/ → 200
  ← params: undefined
  ← data: {"rooms":[{"roomid":1,"roomName":"101","type":"Single","accessible":true,"image":"/images/room1.jpg","description":"Aenean porttitor mauris sit amet lacinia molestie. In posuere accumsan aliquet. Maecenas sit amet nisl massa. Interdum et malesuada fames ac ante.","features":["TV","WiFi","Safe"],"roomPrice":100},{"roomid":2,"roomName":"102","type":"Double","accessible":true,"image":"/images/room2.jpg","description":"Vestibulum sollicitudin, lectus ac mollis consequat, lorem orci ultrices tellus, eleifend euismod tortor dui egestas erat. Phasellus et ipsum nisl. ","features":["TV","Radio","Safe"],"roomPrice":150},{"roomid":3,"roomName":"103","type":"Suite","accessible":true,"image":"/images/room3.jpg","description":"Etiam metus metus, fringilla ac sagittis id, consequat vel neque. Nunc commodo quis nisl nec posuere. Etiam at accumsan ex. ","features":["Radio","WiFi","Safe"],"roomPrice":225},{"roomid":4,"roomName":"Single 86537590","type":"Single","accessible":true,"image":"https://www.mwtestconsultancy.co.uk/img/room1.png","description":"A comfortable single room with modern amenities","features":["WiFi","TV","Air Conditioning","Mini Bar"],"roomPrice":100}]}
  ← headers: {"date":"Fri, 25 Apr 2025 02:43:21 GMT","content-type":"application/json","transfer-encoding":"chunked","connection":"keep-alive","cf-cache-status":"DYNAMIC","server":"cloudflare","cf-ray":"935a7e095c560b82-DFW","alt-svc":"h3=\":443\"; ma=86400"}
2025-04-24 21:43:21 [32minfo[39m: [HTTP REQUEST] GET https://automationintesting.online/api/booking/?roomid=1
  → params: undefined
  → data:   undefined
  → headers:{"Accept":"application/json, text/plain, */*","Content-Type":"application/json","Cookie":"token=n4wYAS7DTLa6y68O"}
2025-04-24 21:43:21 [32minfo[39m: [HTTP RESPONSE] GET /room/ → 200
  ← params: undefined
  ← data: {"rooms":[{"roomid":1,"roomName":"101","type":"Single","accessible":true,"image":"/images/room1.jpg","description":"Aenean porttitor mauris sit amet lacinia molestie. In posuere accumsan aliquet. Maecenas sit amet nisl massa. Interdum et malesuada fames ac ante.","features":["TV","WiFi","Safe"],"roomPrice":100},{"roomid":2,"roomName":"102","type":"Double","accessible":true,"image":"/images/room2.jpg","description":"Vestibulum sollicitudin, lectus ac mollis consequat, lorem orci ultrices tellus, eleifend euismod tortor dui egestas erat. Phasellus et ipsum nisl. ","features":["TV","Radio","Safe"],"roomPrice":150},{"roomid":3,"roomName":"103","type":"Suite","accessible":true,"image":"/images/room3.jpg","description":"Etiam metus metus, fringilla ac sagittis id, consequat vel neque. Nunc commodo quis nisl nec posuere. Etiam at accumsan ex. ","features":["Radio","WiFi","Safe"],"roomPrice":225},{"roomid":4,"roomName":"Single 86537590","type":"Single","accessible":true,"image":"https://www.mwtestconsultancy.co.uk/img/room1.png","description":"A comfortable single room with modern amenities","features":["WiFi","TV","Air Conditioning","Mini Bar"],"roomPrice":100}]}
  ← headers: {"date":"Fri, 25 Apr 2025 02:43:21 GMT","content-type":"application/json","transfer-encoding":"chunked","connection":"keep-alive","cf-cache-status":"DYNAMIC","server":"cloudflare","cf-ray":"935a7e0a6d3b67aa-DFW","alt-svc":"h3=\":443\"; ma=86400"}
2025-04-24 21:43:21 [32minfo[39m: Creating new room:
2025-04-24 21:43:21 [32minfo[39m: [HTTP REQUEST] POST https://automationintesting.online/api/room/
  → params: undefined
  → data:   {"roomName":"Double 97840222","type":"Double","accessible":true,"description":"A comfortable double room with modern amenities","features":["WiFi","TV","Air Conditioning","Mini Bar"],"image":"https://www.mwtestconsultancy.co.uk/img/room1.png","roomPrice":200}
  → headers:{"Accept":"application/json, text/plain, */*","Content-Type":"application/json","Cookie":"token=bXlJ4To2GTe5oG51"}
2025-04-24 21:43:21 [32minfo[39m: [HTTP RESPONSE] POST /room/ → 200
  ← params: undefined
  ← data: {"success":true}
  ← headers: {"date":"Fri, 25 Apr 2025 02:43:21 GMT","content-type":"application/json","transfer-encoding":"chunked","connection":"keep-alive","cf-cache-status":"DYNAMIC","server":"cloudflare","cf-ray":"935a7e0d3e2f66b9-DFW","alt-svc":"h3=\":443\"; ma=86400"}
2025-04-24 21:43:21 [32minfo[39m: Successfully created room
2025-04-24 21:43:21 [32minfo[39m: [HTTP REQUEST] GET https://automationintesting.online/api/room/
  → params: undefined
  → data:   undefined
  → headers:{"Accept":"application/json, text/plain, */*","Content-Type":"application/json","Cookie":"token=bXlJ4To2GTe5oG51"}
2025-04-24 21:43:21 [32minfo[39m: [HTTP RESPONSE] GET /booking/?roomid=1 → 200
  ← params: undefined
  ← data: {"bookings":[{"bookingid":1,"roomid":1,"firstname":"James","lastname":"Dean","depositpaid":true,"bookingdates":{"checkin":"2026-02-01","checkout":"2026-02-05"}}]}
  ← headers: {"date":"Fri, 25 Apr 2025 02:43:21 GMT","content-type":"application/json","transfer-encoding":"chunked","connection":"keep-alive","cf-cache-status":"DYNAMIC","server":"cloudflare","cf-ray":"935a7e0c4ea347a4-DFW","alt-svc":"h3=\":443\"; ma=86400"}
2025-04-24 21:43:21 [32minfo[39m: [HTTP REQUEST] DELETE https://automationintesting.online/api/booking/1
  → params: undefined
  → data:   undefined
  → headers:{"Accept":"application/json, text/plain, */*","Content-Type":"application/json","Cookie":"token=n4wYAS7DTLa6y68O"}
2025-04-24 21:43:22 [32minfo[39m: [HTTP RESPONSE] DELETE /booking/1 → 200
  ← params: undefined
  ← data: {"success":true}
  ← headers: {"date":"Fri, 25 Apr 2025 02:43:22 GMT","content-type":"application/json","transfer-encoding":"chunked","connection":"keep-alive","cf-cache-status":"DYNAMIC","server":"cloudflare","cf-ray":"935a7e0e6a5247a4-DFW","alt-svc":"h3=\":443\"; ma=86400"}
2025-04-24 21:43:22 [32minfo[39m: User has been logged out.
2025-04-24 21:43:22 [32minfo[39m: [HTTP RESPONSE] GET /room/ → 200
  ← params: undefined
  ← data: {"rooms":[{"roomid":1,"roomName":"101","type":"Single","accessible":true,"image":"/images/room1.jpg","description":"Aenean porttitor mauris sit amet lacinia molestie. In posuere accumsan aliquet. Maecenas sit amet nisl massa. Interdum et malesuada fames ac ante.","features":["TV","WiFi","Safe"],"roomPrice":100},{"roomid":2,"roomName":"102","type":"Double","accessible":true,"image":"/images/room2.jpg","description":"Vestibulum sollicitudin, lectus ac mollis consequat, lorem orci ultrices tellus, eleifend euismod tortor dui egestas erat. Phasellus et ipsum nisl. ","features":["TV","Radio","Safe"],"roomPrice":150},{"roomid":3,"roomName":"103","type":"Suite","accessible":true,"image":"/images/room3.jpg","description":"Etiam metus metus, fringilla ac sagittis id, consequat vel neque. Nunc commodo quis nisl nec posuere. Etiam at accumsan ex. ","features":["Radio","WiFi","Safe"],"roomPrice":225},{"roomid":4,"roomName":"Single 86537590","type":"Single","accessible":true,"image":"https://www.mwtestconsultancy.co.uk/img/room1.png","description":"A comfortable single room with modern amenities","features":["WiFi","TV","Air Conditioning","Mini Bar"],"roomPrice":100},{"roomid":5,"roomName":"Double 97840222","type":"Double","accessible":true,"image":"https://www.mwtestconsultancy.co.uk/img/room1.png","description":"A comfortable double room with modern amenities","features":["WiFi","TV","Air Conditioning","Mini Bar"],"roomPrice":200}]}
  ← headers: {"date":"Fri, 25 Apr 2025 02:43:22 GMT","content-type":"application/json","transfer-encoding":"chunked","connection":"keep-alive","cf-cache-status":"DYNAMIC","server":"cloudflare","cf-ray":"935a7e0f8c45a916-DFW","alt-svc":"h3=\":443\"; ma=86400"}
2025-04-24 21:43:22 [32minfo[39m: Creating new room:
2025-04-24 21:43:22 [32minfo[39m: [HTTP REQUEST] POST https://automationintesting.online/api/room/
  → params: undefined
  → data:   {"roomName":"Suite 89750429","type":"Suite","accessible":true,"description":"A comfortable suite room with modern amenities","features":["WiFi","TV","Air Conditioning","Mini Bar"],"image":"https://www.mwtestconsultancy.co.uk/img/room1.png","roomPrice":300}
  → headers:{"Accept":"application/json, text/plain, */*","Content-Type":"application/json","Cookie":"token=bXlJ4To2GTe5oG51"}
2025-04-24 21:43:22 [32minfo[39m: [HTTP RESPONSE] POST /room/ → 200
  ← params: undefined
  ← data: {"success":true}
  ← headers: {"date":"Fri, 25 Apr 2025 02:43:22 GMT","content-type":"application/json","transfer-encoding":"chunked","connection":"keep-alive","cf-cache-status":"DYNAMIC","server":"cloudflare","cf-ray":"935a7e128c44ddb1-DFW","alt-svc":"h3=\":443\"; ma=86400"}
2025-04-24 21:43:22 [32minfo[39m: Successfully created room
2025-04-24 21:43:22 [32minfo[39m: [HTTP REQUEST] GET https://automationintesting.online/api/room/
  → params: undefined
  → data:   undefined
  → headers:{"Accept":"application/json, text/plain, */*","Content-Type":"application/json","Cookie":"token=bXlJ4To2GTe5oG51"}
2025-04-24 21:43:23 [32minfo[39m: [HTTP RESPONSE] GET /room/ → 200
  ← params: undefined
  ← data: {"rooms":[{"roomid":1,"roomName":"101","type":"Single","accessible":true,"image":"/images/room1.jpg","description":"Aenean porttitor mauris sit amet lacinia molestie. In posuere accumsan aliquet. Maecenas sit amet nisl massa. Interdum et malesuada fames ac ante.","features":["TV","WiFi","Safe"],"roomPrice":100},{"roomid":2,"roomName":"102","type":"Double","accessible":true,"image":"/images/room2.jpg","description":"Vestibulum sollicitudin, lectus ac mollis consequat, lorem orci ultrices tellus, eleifend euismod tortor dui egestas erat. Phasellus et ipsum nisl. ","features":["TV","Radio","Safe"],"roomPrice":150},{"roomid":3,"roomName":"103","type":"Suite","accessible":true,"image":"/images/room3.jpg","description":"Etiam metus metus, fringilla ac sagittis id, consequat vel neque. Nunc commodo quis nisl nec posuere. Etiam at accumsan ex. ","features":["Radio","WiFi","Safe"],"roomPrice":225},{"roomid":4,"roomName":"Single 86537590","type":"Single","accessible":true,"image":"https://www.mwtestconsultancy.co.uk/img/room1.png","description":"A comfortable single room with modern amenities","features":["WiFi","TV","Air Conditioning","Mini Bar"],"roomPrice":100},{"roomid":5,"roomName":"Double 97840222","type":"Double","accessible":true,"image":"https://www.mwtestconsultancy.co.uk/img/room1.png","description":"A comfortable double room with modern amenities","features":["WiFi","TV","Air Conditioning","Mini Bar"],"roomPrice":200},{"roomid":6,"roomName":"Suite 89750429","type":"Suite","accessible":true,"image":"https://www.mwtestconsultancy.co.uk/img/room1.png","description":"A comfortable suite room with modern amenities","features":["WiFi","TV","Air Conditioning","Mini Bar"],"roomPrice":300}]}
  ← headers: {"date":"Fri, 25 Apr 2025 02:43:23 GMT","content-type":"application/json","transfer-encoding":"chunked","connection":"keep-alive","cf-cache-status":"DYNAMIC","server":"cloudflare","cf-ray":"935a7e15a9b047af-DFW","alt-svc":"h3=\":443\"; ma=86400"}
2025-04-24 21:43:23 [32minfo[39m: User has been logged out.
2025-04-24 21:43:23 [32minfo[39m: [HTTP REQUEST] GET https://automationintesting.online/api/room/
  → params: undefined
  → data:   undefined
  → headers:{"Accept":"application/json, text/plain, */*","Content-Type":"application/json"}
2025-04-24 21:43:23 [32minfo[39m: [HTTP RESPONSE] GET /room/ → 200
  ← params: undefined
  ← data: {"rooms":[{"roomid":1,"roomName":"101","type":"Single","accessible":true,"image":"/images/room1.jpg","description":"Aenean porttitor mauris sit amet lacinia molestie. In posuere accumsan aliquet. Maecenas sit amet nisl massa. Interdum et malesuada fames ac ante.","features":["TV","WiFi","Safe"],"roomPrice":100},{"roomid":2,"roomName":"102","type":"Double","accessible":true,"image":"/images/room2.jpg","description":"Vestibulum sollicitudin, lectus ac mollis consequat, lorem orci ultrices tellus, eleifend euismod tortor dui egestas erat. Phasellus et ipsum nisl. ","features":["TV","Radio","Safe"],"roomPrice":150},{"roomid":3,"roomName":"103","type":"Suite","accessible":true,"image":"/images/room3.jpg","description":"Etiam metus metus, fringilla ac sagittis id, consequat vel neque. Nunc commodo quis nisl nec posuere. Etiam at accumsan ex. ","features":["Radio","WiFi","Safe"],"roomPrice":225},{"roomid":4,"roomName":"Single 86537590","type":"Single","accessible":true,"image":"https://www.mwtestconsultancy.co.uk/img/room1.png","description":"A comfortable single room with modern amenities","features":["WiFi","TV","Air Conditioning","Mini Bar"],"roomPrice":100},{"roomid":5,"roomName":"Double 97840222","type":"Double","accessible":true,"image":"https://www.mwtestconsultancy.co.uk/img/room1.png","description":"A comfortable double room with modern amenities","features":["WiFi","TV","Air Conditioning","Mini Bar"],"roomPrice":200},{"roomid":6,"roomName":"Suite 89750429","type":"Suite","accessible":true,"image":"https://www.mwtestconsultancy.co.uk/img/room1.png","description":"A comfortable suite room with modern amenities","features":["WiFi","TV","Air Conditioning","Mini Bar"],"roomPrice":300}]}
  ← headers: {"date":"Fri, 25 Apr 2025 02:43:23 GMT","content-type":"application/json","transfer-encoding":"chunked","connection":"keep-alive","cf-cache-status":"DYNAMIC","server":"cloudflare","cf-ray":"935a7e18db9ee93a-DFW","alt-svc":"h3=\":443\"; ma=86400"}
2025-04-24 21:43:23 [34mdebug[39m: The user admin is logged in.
2025-04-24 21:43:23 [32minfo[39m: [HTTP REQUEST] POST https://automationintesting.online/api/auth/login
  → params: undefined
  → data:   {"username":"admin","password":"password"}
  → headers:{"Accept":"application/json, text/plain, */*","Content-Type":"application/json"}
2025-04-24 21:43:24 [32minfo[39m: [HTTP RESPONSE] POST /auth/login → 200
  ← params: undefined
  ← data: {"token":"wGonaS9Tp2ropgcA"}
  ← headers: {"date":"Fri, 25 Apr 2025 02:43:24 GMT","content-type":"application/json","transfer-encoding":"chunked","connection":"keep-alive","cf-cache-status":"DYNAMIC","server":"cloudflare","cf-ray":"935a7e1ade5de93a-DFW","alt-svc":"h3=\":443\"; ma=86400"}
2025-04-24 21:43:24 [34mdebug[39m: The auth token is set.
2025-04-24 21:43:24 [32minfo[39m: [HTTP REQUEST] DELETE https://automationintesting.online/apiroom/4
  → params: undefined
  → data:   undefined
  → headers:{"Accept":"application/json, text/plain, */*","Content-Type":"application/json","Cookie":"token=wGonaS9Tp2ropgcA"}
2025-04-24 21:43:24 [32minfo[39m: [HTTP RESPONSE] DELETE room/4 → 200
  ← params: undefined
  ← data: {"success":true}
  ← headers: {"date":"Fri, 25 Apr 2025 02:43:24 GMT","content-type":"application/json","transfer-encoding":"chunked","connection":"keep-alive","cf-cache-status":"DYNAMIC","server":"cloudflare","cf-ray":"935a7e1c3812e93a-DFW","alt-svc":"h3=\":443\"; ma=86400"}
2025-04-24 21:43:24 [32minfo[39m: [HTTP REQUEST] DELETE https://automationintesting.online/apiroom/5
  → params: undefined
  → data:   undefined
  → headers:{"Accept":"application/json, text/plain, */*","Content-Type":"application/json","Cookie":"token=wGonaS9Tp2ropgcA"}
2025-04-24 21:43:24 [32minfo[39m: [HTTP RESPONSE] DELETE room/5 → 200
  ← params: undefined
  ← data: {"success":true}
  ← headers: {"date":"Fri, 25 Apr 2025 02:43:24 GMT","content-type":"application/json","transfer-encoding":"chunked","connection":"keep-alive","cf-cache-status":"DYNAMIC","server":"cloudflare","cf-ray":"935a7e1d3951e93a-DFW","alt-svc":"h3=\":443\"; ma=86400"}
2025-04-24 21:43:24 [32minfo[39m: [HTTP REQUEST] DELETE https://automationintesting.online/apiroom/6
  → params: undefined
  → data:   undefined
  → headers:{"Accept":"application/json, text/plain, */*","Content-Type":"application/json","Cookie":"token=wGonaS9Tp2ropgcA"}
2025-04-24 21:43:24 [32minfo[39m: [HTTP RESPONSE] DELETE room/6 → 200
  ← params: undefined
  ← data: {"success":true}
  ← headers: {"date":"Fri, 25 Apr 2025 02:43:24 GMT","content-type":"application/json","transfer-encoding":"chunked","connection":"keep-alive","cf-cache-status":"DYNAMIC","server":"cloudflare","cf-ray":"935a7e1e3a73e93a-DFW","alt-svc":"h3=\":443\"; ma=86400"}
2025-04-24 21:43:24 [32minfo[39m: User has been logged out.
